<?xml version="1.0" encoding="UTF-8"?>
<!-- Generated by org.testng.reporters.JUnitReportReporter -->
<testsuite skipped="0" hostname="LAPTOP-OMB69JNR" name="testCases.ReadAllProducts" tests="1" failures="0" timestamp="15 Mar 2022 05:48:44 GMT" time="2.177" errors="0">
  <testcase name="read_All_Product" time="2.177" classname="testCases.ReadAllProducts"/>
</testsuite> <!-- testCases.ReadAllProducts -->
